2024-01-30T06:14:20+00:00 CRITICAL Uncaught Error: Call to a member function is_empty() on null in C:\xampp\htdocs\prolific_shop\wp-content\plugins\th-all-in-one-woo-cart\inc\taiowc.php:288
Stack trace:
#0 C:\xampp\htdocs\prolific_shop\wp-includes\class-wp-hook.php(324): Taiowc->taiowc_mini_cart_content('')
#1 C:\xampp\htdocs\prolific_shop\wp-includes\class-wp-hook.php(348): WP_Hook->apply_filters('', Array)
#2 C:\xampp\htdocs\prolific_shop\wp-includes\plugin.php(517): WP_Hook->do_action(Array)
#3 C:\xampp\htdocs\prolific_shop\wp-content\plugins\th-all-in-one-woo-cart\inc\taiowc-markup.php(90): do_action('taiowc_mini_car...')
#4 C:\xampp\htdocs\prolific_shop\wp-content\plugins\th-all-in-one-woo-cart\inc\taiowc-cart.php(22): Taiowc_Markup->taiowc_cart_item_show()
#5 C:\xampp\htdocs\prolific_shop\wp-content\plugins\th-all-in-one-woo-cart\inc\taiowc.php(224): include('C:\\xampp\\htdocs...')
#6 C:\xampp\htdocs\prolific_shop\wp-content\plugins\th-all-in-one-woo-cart\inc\taiowc.php(212): Taiowc->getCart(Array)
#7 C:\xampp\htdocs\prolific_shop\wp-includes\shortcodes.php(433): Taiowc->addBody(Array, '', 'taiowc')
#8 [internal function]: do_shortcode_tag(Array)
#9 C:\xampp\htdocs\prolific_shop\wp-includes\shortcodes.php(273): preg_replace_callback('/\\[(\\[?)(taiowc...', 'do_shortcode_ta...', '[taiowc layout=...')
#10 C:\xampp\htdocs\prolific_shop\wp-content\plugins\th-all-in-one-woo-cart\inc\taiowc.php(263): do_shortcode('[taiowc layout=...')
#11 C:\xampp\htdocs\prolific_shop\wp-includes\class-wp-hook.php(324): Taiowc->addcartBody('')
#12 C:\xampp\htdocs\prolific_shop\wp-includes\class-wp-hook.php(348): WP_Hook->apply_filters(NULL, Array)
#13 C:\xampp\htdocs\prolific_shop\wp-includes\plugin.php(517): WP_Hook->do_action(Array)
#14 C:\xampp\htdocs\prolific_shop\wp-includes\general-template.php(3068): do_action('wp_footer')
#15 C:\xampp\htdocs\prolific_shop\wp-includes\rest-api\endpoints\class-wp-rest-widget-types-controller.php(655): wp_footer()
#16 C:\xampp\htdocs\prolific_shop\wp-includes\rest-api\endpoints\class-wp-rest-widget-types-controller.php(601): WP_REST_Widget_Types_Controller->render_legacy_widget_preview_iframe('woocommerce_top...', Array)
#17 C:\xampp\htdocs\prolific_shop\wp-includes\rest-api\class-wp-rest-server.php(1193): WP_REST_Widget_Types_Controller->render(Object(WP_REST_Request))
#18 C:\xampp\htdocs\prolific_shop\wp-includes\rest-api\class-wp-rest-server.php(1041): WP_REST_Server->respond_to_request(Object(WP_REST_Request), '/wp/v2/widget-t...', Array, NULL)
#19 C:\xampp\htdocs\prolific_shop\wp-includes\rest-api\class-wp-rest-server.php(431): WP_REST_Server->dispatch(Object(WP_REST_Request))
#20 C:\xampp\htdocs\prolific_shop\wp-includes\rest-api.php(424): WP_REST_Server->serve_request('/wp/v2/widget-t...')
#21 C:\xampp\htdocs\prolific_shop\wp-includes\class-wp-hook.php(324): rest_api_loaded(Object(WP))
#22 C:\xampp\htdocs\prolific_shop\wp-includes\class-wp-hook.php(348): WP_Hook->apply_filters(NULL, Array)
#23 C:\xampp\htdocs\prolific_shop\wp-includes\plugin.php(565): WP_Hook->do_action(Array)
#24 C:\xampp\htdocs\prolific_shop\wp-includes\class-wp.php(418): do_action_ref_array('parse_request', Array)
#25 C:\xampp\htdocs\prolific_shop\wp-includes\class-wp.php(813): WP->parse_request('')
#26 C:\xampp\htdocs\prolific_shop\wp-includes\functions.php(1336): WP->main('')
#27 C:\xampp\htdocs\prolific_shop\wp-blog-header.php(16): wp()
#28 C:\xampp\htdocs\prolific_shop\index.php(17): require('C:\\xampp\\htdocs...')
#29 {main}
  thrown in C:\xampp\htdocs\prolific_shop\wp-content\plugins\th-all-in-one-woo-cart\inc\taiowc.php on line 288

2024-01-30T06:14:20+00:00 CRITICAL Uncaught Error: Call to a member function is_empty() on null in C:\xampp\htdocs\prolific_shop\wp-content\plugins\th-all-in-one-woo-cart\inc\taiowc.php:288
Stack trace:
#0 C:\xampp\htdocs\prolific_shop\wp-includes\class-wp-hook.php(324): Taiowc->taiowc_mini_cart_content('')
#1 C:\xampp\htdocs\prolific_shop\wp-includes\class-wp-hook.php(348): WP_Hook->apply_filters('', Array)
#2 C:\xampp\htdocs\prolific_shop\wp-includes\plugin.php(517): WP_Hook->do_action(Array)
#3 C:\xampp\htdocs\prolific_shop\wp-content\plugins\th-all-in-one-woo-cart\inc\taiowc-markup.php(90): do_action('taiowc_mini_car...')
#4 C:\xampp\htdocs\prolific_shop\wp-content\plugins\th-all-in-one-woo-cart\inc\taiowc-cart.php(22): Taiowc_Markup->taiowc_cart_item_show()
#5 C:\xampp\htdocs\prolific_shop\wp-content\plugins\th-all-in-one-woo-cart\inc\taiowc.php(224): include('C:\\xampp\\htdocs...')
#6 C:\xampp\htdocs\prolific_shop\wp-content\plugins\th-all-in-one-woo-cart\inc\taiowc.php(212): Taiowc->getCart(Array)
#7 C:\xampp\htdocs\prolific_shop\wp-includes\shortcodes.php(433): Taiowc->addBody(Array, '', 'taiowc')
#8 [internal function]: do_shortcode_tag(Array)
#9 C:\xampp\htdocs\prolific_shop\wp-includes\shortcodes.php(273): preg_replace_callback('/\\[(\\[?)(taiowc...', 'do_shortcode_ta...', '[taiowc layout=...')
#10 C:\xampp\htdocs\prolific_shop\wp-content\plugins\th-all-in-one-woo-cart\inc\taiowc.php(263): do_shortcode('[taiowc layout=...')
#11 C:\xampp\htdocs\prolific_shop\wp-includes\class-wp-hook.php(324): Taiowc->addcartBody('')
#12 C:\xampp\htdocs\prolific_shop\wp-includes\class-wp-hook.php(348): WP_Hook->apply_filters(NULL, Array)
#13 C:\xampp\htdocs\prolific_shop\wp-includes\plugin.php(517): WP_Hook->do_action(Array)
#14 C:\xampp\htdocs\prolific_shop\wp-includes\general-template.php(3068): do_action('wp_footer')
#15 C:\xampp\htdocs\prolific_shop\wp-includes\rest-api\endpoints\class-wp-rest-widget-types-controller.php(655): wp_footer()
#16 C:\xampp\htdocs\prolific_shop\wp-includes\rest-api\endpoints\class-wp-rest-widget-types-controller.php(601): WP_REST_Widget_Types_Controller->render_legacy_widget_preview_iframe('woocommerce_pro...', Array)
#17 C:\xampp\htdocs\prolific_shop\wp-includes\rest-api\class-wp-rest-server.php(1193): WP_REST_Widget_Types_Controller->render(Object(WP_REST_Request))
#18 C:\xampp\htdocs\prolific_shop\wp-includes\rest-api\class-wp-rest-server.php(1041): WP_REST_Server->respond_to_request(Object(WP_REST_Request), '/wp/v2/widget-t...', Array, NULL)
#19 C:\xampp\htdocs\prolific_shop\wp-includes\rest-api\class-wp-rest-server.php(431): WP_REST_Server->dispatch(Object(WP_REST_Request))
#20 C:\xampp\htdocs\prolific_shop\wp-includes\rest-api.php(424): WP_REST_Server->serve_request('/wp/v2/widget-t...')
#21 C:\xampp\htdocs\prolific_shop\wp-includes\class-wp-hook.php(324): rest_api_loaded(Object(WP))
#22 C:\xampp\htdocs\prolific_shop\wp-includes\class-wp-hook.php(348): WP_Hook->apply_filters(NULL, Array)
#23 C:\xampp\htdocs\prolific_shop\wp-includes\plugin.php(565): WP_Hook->do_action(Array)
#24 C:\xampp\htdocs\prolific_shop\wp-includes\class-wp.php(418): do_action_ref_array('parse_request', Array)
#25 C:\xampp\htdocs\prolific_shop\wp-includes\class-wp.php(813): WP->parse_request('')
#26 C:\xampp\htdocs\prolific_shop\wp-includes\functions.php(1336): WP->main('')
#27 C:\xampp\htdocs\prolific_shop\wp-blog-header.php(16): wp()
#28 C:\xampp\htdocs\prolific_shop\index.php(17): require('C:\\xampp\\htdocs...')
#29 {main}
  thrown in C:\xampp\htdocs\prolific_shop\wp-content\plugins\th-all-in-one-woo-cart\inc\taiowc.php on line 288

2024-01-30T06:14:21+00:00 CRITICAL Uncaught Error: Call to a member function is_empty() on null in C:\xampp\htdocs\prolific_shop\wp-content\plugins\th-all-in-one-woo-cart\inc\taiowc.php:288
Stack trace:
#0 C:\xampp\htdocs\prolific_shop\wp-includes\class-wp-hook.php(324): Taiowc->taiowc_mini_cart_content('')
#1 C:\xampp\htdocs\prolific_shop\wp-includes\class-wp-hook.php(348): WP_Hook->apply_filters('', Array)
#2 C:\xampp\htdocs\prolific_shop\wp-includes\plugin.php(517): WP_Hook->do_action(Array)
#3 C:\xampp\htdocs\prolific_shop\wp-content\plugins\th-all-in-one-woo-cart\inc\taiowc-markup.php(90): do_action('taiowc_mini_car...')
#4 C:\xampp\htdocs\prolific_shop\wp-content\plugins\th-all-in-one-woo-cart\inc\taiowc-cart.php(22): Taiowc_Markup->taiowc_cart_item_show()
#5 C:\xampp\htdocs\prolific_shop\wp-content\plugins\th-all-in-one-woo-cart\inc\taiowc.php(224): include('C:\\xampp\\htdocs...')
#6 C:\xampp\htdocs\prolific_shop\wp-content\plugins\th-all-in-one-woo-cart\inc\taiowc.php(212): Taiowc->getCart(Array)
#7 C:\xampp\htdocs\prolific_shop\wp-includes\shortcodes.php(433): Taiowc->addBody(Array, '', 'taiowc')
#8 [internal function]: do_shortcode_tag(Array)
#9 C:\xampp\htdocs\prolific_shop\wp-includes\shortcodes.php(273): preg_replace_callback('/\\[(\\[?)(taiowc...', 'do_shortcode_ta...', '[taiowc layout=...')
#10 C:\xampp\htdocs\prolific_shop\wp-content\plugins\th-all-in-one-woo-cart\inc\taiowc.php(263): do_shortcode('[taiowc layout=...')
#11 C:\xampp\htdocs\prolific_shop\wp-includes\class-wp-hook.php(324): Taiowc->addcartBody('')
#12 C:\xampp\htdocs\prolific_shop\wp-includes\class-wp-hook.php(348): WP_Hook->apply_filters(NULL, Array)
#13 C:\xampp\htdocs\prolific_shop\wp-includes\plugin.php(517): WP_Hook->do_action(Array)
#14 C:\xampp\htdocs\prolific_shop\wp-includes\general-template.php(3068): do_action('wp_footer')
#15 C:\xampp\htdocs\prolific_shop\wp-includes\rest-api\endpoints\class-wp-rest-widget-types-controller.php(655): wp_footer()
#16 C:\xampp\htdocs\prolific_shop\wp-includes\rest-api\endpoints\class-wp-rest-widget-types-controller.php(601): WP_REST_Widget_Types_Controller->render_legacy_widget_preview_iframe('media_image', Array)
#17 C:\xampp\htdocs\prolific_shop\wp-includes\rest-api\class-wp-rest-server.php(1193): WP_REST_Widget_Types_Controller->render(Object(WP_REST_Request))
#18 C:\xampp\htdocs\prolific_shop\wp-includes\rest-api\class-wp-rest-server.php(1041): WP_REST_Server->respond_to_request(Object(WP_REST_Request), '/wp/v2/widget-t...', Array, NULL)
#19 C:\xampp\htdocs\prolific_shop\wp-includes\rest-api\class-wp-rest-server.php(431): WP_REST_Server->dispatch(Object(WP_REST_Request))
#20 C:\xampp\htdocs\prolific_shop\wp-includes\rest-api.php(424): WP_REST_Server->serve_request('/wp/v2/widget-t...')
#21 C:\xampp\htdocs\prolific_shop\wp-includes\class-wp-hook.php(324): rest_api_loaded(Object(WP))
#22 C:\xampp\htdocs\prolific_shop\wp-includes\class-wp-hook.php(348): WP_Hook->apply_filters(NULL, Array)
#23 C:\xampp\htdocs\prolific_shop\wp-includes\plugin.php(565): WP_Hook->do_action(Array)
#24 C:\xampp\htdocs\prolific_shop\wp-includes\class-wp.php(418): do_action_ref_array('parse_request', Array)
#25 C:\xampp\htdocs\prolific_shop\wp-includes\class-wp.php(813): WP->parse_request('')
#26 C:\xampp\htdocs\prolific_shop\wp-includes\functions.php(1336): WP->main('')
#27 C:\xampp\htdocs\prolific_shop\wp-blog-header.php(16): wp()
#28 C:\xampp\htdocs\prolific_shop\index.php(17): require('C:\\xampp\\htdocs...')
#29 {main}
  thrown in C:\xampp\htdocs\prolific_shop\wp-content\plugins\th-all-in-one-woo-cart\inc\taiowc.php on line 288

2024-01-30T06:14:24+00:00 CRITICAL Uncaught Error: Call to a member function is_empty() on null in C:\xampp\htdocs\prolific_shop\wp-content\plugins\th-all-in-one-woo-cart\inc\taiowc.php:288
Stack trace:
#0 C:\xampp\htdocs\prolific_shop\wp-includes\class-wp-hook.php(324): Taiowc->taiowc_mini_cart_content('')
#1 C:\xampp\htdocs\prolific_shop\wp-includes\class-wp-hook.php(348): WP_Hook->apply_filters('', Array)
#2 C:\xampp\htdocs\prolific_shop\wp-includes\plugin.php(517): WP_Hook->do_action(Array)
#3 C:\xampp\htdocs\prolific_shop\wp-content\plugins\th-all-in-one-woo-cart\inc\taiowc-markup.php(90): do_action('taiowc_mini_car...')
#4 C:\xampp\htdocs\prolific_shop\wp-content\plugins\th-all-in-one-woo-cart\inc\taiowc-cart.php(22): Taiowc_Markup->taiowc_cart_item_show()
#5 C:\xampp\htdocs\prolific_shop\wp-content\plugins\th-all-in-one-woo-cart\inc\taiowc.php(224): include('C:\\xampp\\htdocs...')
#6 C:\xampp\htdocs\prolific_shop\wp-content\plugins\th-all-in-one-woo-cart\inc\taiowc.php(212): Taiowc->getCart(Array)
#7 C:\xampp\htdocs\prolific_shop\wp-includes\shortcodes.php(433): Taiowc->addBody(Array, '', 'taiowc')
#8 [internal function]: do_shortcode_tag(Array)
#9 C:\xampp\htdocs\prolific_shop\wp-includes\shortcodes.php(273): preg_replace_callback('/\\[(\\[?)(taiowc...', 'do_shortcode_ta...', '[taiowc layout=...')
#10 C:\xampp\htdocs\prolific_shop\wp-content\plugins\th-all-in-one-woo-cart\inc\taiowc.php(263): do_shortcode('[taiowc layout=...')
#11 C:\xampp\htdocs\prolific_shop\wp-includes\class-wp-hook.php(324): Taiowc->addcartBody('')
#12 C:\xampp\htdocs\prolific_shop\wp-includes\class-wp-hook.php(348): WP_Hook->apply_filters(NULL, Array)
#13 C:\xampp\htdocs\prolific_shop\wp-includes\plugin.php(517): WP_Hook->do_action(Array)
#14 C:\xampp\htdocs\prolific_shop\wp-includes\general-template.php(3068): do_action('wp_footer')
#15 C:\xampp\htdocs\prolific_shop\wp-includes\rest-api\endpoints\class-wp-rest-widget-types-controller.php(655): wp_footer()
#16 C:\xampp\htdocs\prolific_shop\wp-includes\rest-api\endpoints\class-wp-rest-widget-types-controller.php(601): WP_REST_Widget_Types_Controller->render_legacy_widget_preview_iframe('text', Array)
#17 C:\xampp\htdocs\prolific_shop\wp-includes\rest-api\class-wp-rest-server.php(1193): WP_REST_Widget_Types_Controller->render(Object(WP_REST_Request))
#18 C:\xampp\htdocs\prolific_shop\wp-includes\rest-api\class-wp-rest-server.php(1041): WP_REST_Server->respond_to_request(Object(WP_REST_Request), '/wp/v2/widget-t...', Array, NULL)
#19 C:\xampp\htdocs\prolific_shop\wp-includes\rest-api\class-wp-rest-server.php(431): WP_REST_Server->dispatch(Object(WP_REST_Request))
#20 C:\xampp\htdocs\prolific_shop\wp-includes\rest-api.php(424): WP_REST_Server->serve_request('/wp/v2/widget-t...')
#21 C:\xampp\htdocs\prolific_shop\wp-includes\class-wp-hook.php(324): rest_api_loaded(Object(WP))
#22 C:\xampp\htdocs\prolific_shop\wp-includes\class-wp-hook.php(348): WP_Hook->apply_filters(NULL, Array)
#23 C:\xampp\htdocs\prolific_shop\wp-includes\plugin.php(565): WP_Hook->do_action(Array)
#24 C:\xampp\htdocs\prolific_shop\wp-includes\class-wp.php(418): do_action_ref_array('parse_request', Array)
#25 C:\xampp\htdocs\prolific_shop\wp-includes\class-wp.php(813): WP->parse_request('')
#26 C:\xampp\htdocs\prolific_shop\wp-includes\functions.php(1336): WP->main('')
#27 C:\xampp\htdocs\prolific_shop\wp-blog-header.php(16): wp()
#28 C:\xampp\htdocs\prolific_shop\index.php(17): require('C:\\xampp\\htdocs...')
#29 {main}
  thrown in C:\xampp\htdocs\prolific_shop\wp-content\plugins\th-all-in-one-woo-cart\inc\taiowc.php on line 288

2024-01-30T06:14:24+00:00 CRITICAL Uncaught Error: Call to a member function is_empty() on null in C:\xampp\htdocs\prolific_shop\wp-content\plugins\th-all-in-one-woo-cart\inc\taiowc.php:288
Stack trace:
#0 C:\xampp\htdocs\prolific_shop\wp-includes\class-wp-hook.php(324): Taiowc->taiowc_mini_cart_content('')
#1 C:\xampp\htdocs\prolific_shop\wp-includes\class-wp-hook.php(348): WP_Hook->apply_filters('', Array)
#2 C:\xampp\htdocs\prolific_shop\wp-includes\plugin.php(517): WP_Hook->do_action(Array)
#3 C:\xampp\htdocs\prolific_shop\wp-content\plugins\th-all-in-one-woo-cart\inc\taiowc-markup.php(90): do_action('taiowc_mini_car...')
#4 C:\xampp\htdocs\prolific_shop\wp-content\plugins\th-all-in-one-woo-cart\inc\taiowc-cart.php(22): Taiowc_Markup->taiowc_cart_item_show()
#5 C:\xampp\htdocs\prolific_shop\wp-content\plugins\th-all-in-one-woo-cart\inc\taiowc.php(224): include('C:\\xampp\\htdocs...')
#6 C:\xampp\htdocs\prolific_shop\wp-content\plugins\th-all-in-one-woo-cart\inc\taiowc.php(212): Taiowc->getCart(Array)
#7 C:\xampp\htdocs\prolific_shop\wp-includes\shortcodes.php(433): Taiowc->addBody(Array, '', 'taiowc')
#8 [internal function]: do_shortcode_tag(Array)
#9 C:\xampp\htdocs\prolific_shop\wp-includes\shortcodes.php(273): preg_replace_callback('/\\[(\\[?)(taiowc...', 'do_shortcode_ta...', '[taiowc layout=...')
#10 C:\xampp\htdocs\prolific_shop\wp-content\plugins\th-all-in-one-woo-cart\inc\taiowc.php(263): do_shortcode('[taiowc layout=...')
#11 C:\xampp\htdocs\prolific_shop\wp-includes\class-wp-hook.php(324): Taiowc->addcartBody('')
#12 C:\xampp\htdocs\prolific_shop\wp-includes\class-wp-hook.php(348): WP_Hook->apply_filters(NULL, Array)
#13 C:\xampp\htdocs\prolific_shop\wp-includes\plugin.php(517): WP_Hook->do_action(Array)
#14 C:\xampp\htdocs\prolific_shop\wp-includes\general-template.php(3068): do_action('wp_footer')
#15 C:\xampp\htdocs\prolific_shop\wp-includes\rest-api\endpoints\class-wp-rest-widget-types-controller.php(655): wp_footer()
#16 C:\xampp\htdocs\prolific_shop\wp-includes\rest-api\endpoints\class-wp-rest-widget-types-controller.php(601): WP_REST_Widget_Types_Controller->render_legacy_widget_preview_iframe('th-about-me-wid...', Array)
#17 C:\xampp\htdocs\prolific_shop\wp-includes\rest-api\class-wp-rest-server.php(1193): WP_REST_Widget_Types_Controller->render(Object(WP_REST_Request))
#18 C:\xampp\htdocs\prolific_shop\wp-includes\rest-api\class-wp-rest-server.php(1041): WP_REST_Server->respond_to_request(Object(WP_REST_Request), '/wp/v2/widget-t...', Array, NULL)
#19 C:\xampp\htdocs\prolific_shop\wp-includes\rest-api\class-wp-rest-server.php(431): WP_REST_Server->dispatch(Object(WP_REST_Request))
#20 C:\xampp\htdocs\prolific_shop\wp-includes\rest-api.php(424): WP_REST_Server->serve_request('/wp/v2/widget-t...')
#21 C:\xampp\htdocs\prolific_shop\wp-includes\class-wp-hook.php(324): rest_api_loaded(Object(WP))
#22 C:\xampp\htdocs\prolific_shop\wp-includes\class-wp-hook.php(348): WP_Hook->apply_filters(NULL, Array)
#23 C:\xampp\htdocs\prolific_shop\wp-includes\plugin.php(565): WP_Hook->do_action(Array)
#24 C:\xampp\htdocs\prolific_shop\wp-includes\class-wp.php(418): do_action_ref_array('parse_request', Array)
#25 C:\xampp\htdocs\prolific_shop\wp-includes\class-wp.php(813): WP->parse_request('')
#26 C:\xampp\htdocs\prolific_shop\wp-includes\functions.php(1336): WP->main('')
#27 C:\xampp\htdocs\prolific_shop\wp-blog-header.php(16): wp()
#28 C:\xampp\htdocs\prolific_shop\index.php(17): require('C:\\xampp\\htdocs...')
#29 {main}
  thrown in C:\xampp\htdocs\prolific_shop\wp-content\plugins\th-all-in-one-woo-cart\inc\taiowc.php on line 288

2024-01-30T06:14:24+00:00 CRITICAL Uncaught Error: Call to a member function is_empty() on null in C:\xampp\htdocs\prolific_shop\wp-content\plugins\th-all-in-one-woo-cart\inc\taiowc.php:288
Stack trace:
#0 C:\xampp\htdocs\prolific_shop\wp-includes\class-wp-hook.php(324): Taiowc->taiowc_mini_cart_content('')
#1 C:\xampp\htdocs\prolific_shop\wp-includes\class-wp-hook.php(348): WP_Hook->apply_filters('', Array)
#2 C:\xampp\htdocs\prolific_shop\wp-includes\plugin.php(517): WP_Hook->do_action(Array)
#3 C:\xampp\htdocs\prolific_shop\wp-content\plugins\th-all-in-one-woo-cart\inc\taiowc-markup.php(90): do_action('taiowc_mini_car...')
#4 C:\xampp\htdocs\prolific_shop\wp-content\plugins\th-all-in-one-woo-cart\inc\taiowc-cart.php(22): Taiowc_Markup->taiowc_cart_item_show()
#5 C:\xampp\htdocs\prolific_shop\wp-content\plugins\th-all-in-one-woo-cart\inc\taiowc.php(224): include('C:\\xampp\\htdocs...')
#6 C:\xampp\htdocs\prolific_shop\wp-content\plugins\th-all-in-one-woo-cart\inc\taiowc.php(212): Taiowc->getCart(Array)
#7 C:\xampp\htdocs\prolific_shop\wp-includes\shortcodes.php(433): Taiowc->addBody(Array, '', 'taiowc')
#8 [internal function]: do_shortcode_tag(Array)
#9 C:\xampp\htdocs\prolific_shop\wp-includes\shortcodes.php(273): preg_replace_callback('/\\[(\\[?)(taiowc...', 'do_shortcode_ta...', '[taiowc layout=...')
#10 C:\xampp\htdocs\prolific_shop\wp-content\plugins\th-all-in-one-woo-cart\inc\taiowc.php(263): do_shortcode('[taiowc layout=...')
#11 C:\xampp\htdocs\prolific_shop\wp-includes\class-wp-hook.php(324): Taiowc->addcartBody('')
#12 C:\xampp\htdocs\prolific_shop\wp-includes\class-wp-hook.php(348): WP_Hook->apply_filters(NULL, Array)
#13 C:\xampp\htdocs\prolific_shop\wp-includes\plugin.php(517): WP_Hook->do_action(Array)
#14 C:\xampp\htdocs\prolific_shop\wp-includes\general-template.php(3068): do_action('wp_footer')
#15 C:\xampp\htdocs\prolific_shop\wp-includes\rest-api\endpoints\class-wp-rest-widget-types-controller.php(655): wp_footer()
#16 C:\xampp\htdocs\prolific_shop\wp-includes\rest-api\endpoints\class-wp-rest-widget-types-controller.php(601): WP_REST_Widget_Types_Controller->render_legacy_widget_preview_iframe('themehunk-custo...', Array)
#17 C:\xampp\htdocs\prolific_shop\wp-includes\rest-api\class-wp-rest-server.php(1193): WP_REST_Widget_Types_Controller->render(Object(WP_REST_Request))
#18 C:\xampp\htdocs\prolific_shop\wp-includes\rest-api\class-wp-rest-server.php(1041): WP_REST_Server->respond_to_request(Object(WP_REST_Request), '/wp/v2/widget-t...', Array, NULL)
#19 C:\xampp\htdocs\prolific_shop\wp-includes\rest-api\class-wp-rest-server.php(431): WP_REST_Server->dispatch(Object(WP_REST_Request))
#20 C:\xampp\htdocs\prolific_shop\wp-includes\rest-api.php(424): WP_REST_Server->serve_request('/wp/v2/widget-t...')
#21 C:\xampp\htdocs\prolific_shop\wp-includes\class-wp-hook.php(324): rest_api_loaded(Object(WP))
#22 C:\xampp\htdocs\prolific_shop\wp-includes\class-wp-hook.php(348): WP_Hook->apply_filters(NULL, Array)
#23 C:\xampp\htdocs\prolific_shop\wp-includes\plugin.php(565): WP_Hook->do_action(Array)
#24 C:\xampp\htdocs\prolific_shop\wp-includes\class-wp.php(418): do_action_ref_array('parse_request', Array)
#25 C:\xampp\htdocs\prolific_shop\wp-includes\class-wp.php(813): WP->parse_request('')
#26 C:\xampp\htdocs\prolific_shop\wp-includes\functions.php(1336): WP->main('')
#27 C:\xampp\htdocs\prolific_shop\wp-blog-header.php(16): wp()
#28 C:\xampp\htdocs\prolific_shop\index.php(17): require('C:\\xampp\\htdocs...')
#29 {main}
  thrown in C:\xampp\htdocs\prolific_shop\wp-content\plugins\th-all-in-one-woo-cart\inc\taiowc.php on line 288

2024-01-30T06:14:25+00:00 CRITICAL Uncaught Error: Call to a member function is_empty() on null in C:\xampp\htdocs\prolific_shop\wp-content\plugins\th-all-in-one-woo-cart\inc\taiowc.php:288
Stack trace:
#0 C:\xampp\htdocs\prolific_shop\wp-includes\class-wp-hook.php(324): Taiowc->taiowc_mini_cart_content('')
#1 C:\xampp\htdocs\prolific_shop\wp-includes\class-wp-hook.php(348): WP_Hook->apply_filters('', Array)
#2 C:\xampp\htdocs\prolific_shop\wp-includes\plugin.php(517): WP_Hook->do_action(Array)
#3 C:\xampp\htdocs\prolific_shop\wp-content\plugins\th-all-in-one-woo-cart\inc\taiowc-markup.php(90): do_action('taiowc_mini_car...')
#4 C:\xampp\htdocs\prolific_shop\wp-content\plugins\th-all-in-one-woo-cart\inc\taiowc-cart.php(22): Taiowc_Markup->taiowc_cart_item_show()
#5 C:\xampp\htdocs\prolific_shop\wp-content\plugins\th-all-in-one-woo-cart\inc\taiowc.php(224): include('C:\\xampp\\htdocs...')
#6 C:\xampp\htdocs\prolific_shop\wp-content\plugins\th-all-in-one-woo-cart\inc\taiowc.php(212): Taiowc->getCart(Array)
#7 C:\xampp\htdocs\prolific_shop\wp-includes\shortcodes.php(433): Taiowc->addBody(Array, '', 'taiowc')
#8 [internal function]: do_shortcode_tag(Array)
#9 C:\xampp\htdocs\prolific_shop\wp-includes\shortcodes.php(273): preg_replace_callback('/\\[(\\[?)(taiowc...', 'do_shortcode_ta...', '[taiowc layout=...')
#10 C:\xampp\htdocs\prolific_shop\wp-content\plugins\th-all-in-one-woo-cart\inc\taiowc.php(263): do_shortcode('[taiowc layout=...')
#11 C:\xampp\htdocs\prolific_shop\wp-includes\class-wp-hook.php(324): Taiowc->addcartBody('')
#12 C:\xampp\htdocs\prolific_shop\wp-includes\class-wp-hook.php(348): WP_Hook->apply_filters(NULL, Array)
#13 C:\xampp\htdocs\prolific_shop\wp-includes\plugin.php(517): WP_Hook->do_action(Array)
#14 C:\xampp\htdocs\prolific_shop\wp-includes\general-template.php(3068): do_action('wp_footer')
#15 C:\xampp\htdocs\prolific_shop\wp-includes\rest-api\endpoints\class-wp-rest-widget-types-controller.php(655): wp_footer()
#16 C:\xampp\htdocs\prolific_shop\wp-includes\rest-api\endpoints\class-wp-rest-widget-types-controller.php(601): WP_REST_Widget_Types_Controller->render_legacy_widget_preview_iframe('tag_cloud', Array)
#17 C:\xampp\htdocs\prolific_shop\wp-includes\rest-api\class-wp-rest-server.php(1193): WP_REST_Widget_Types_Controller->render(Object(WP_REST_Request))
#18 C:\xampp\htdocs\prolific_shop\wp-includes\rest-api\class-wp-rest-server.php(1041): WP_REST_Server->respond_to_request(Object(WP_REST_Request), '/wp/v2/widget-t...', Array, NULL)
#19 C:\xampp\htdocs\prolific_shop\wp-includes\rest-api\class-wp-rest-server.php(431): WP_REST_Server->dispatch(Object(WP_REST_Request))
#20 C:\xampp\htdocs\prolific_shop\wp-includes\rest-api.php(424): WP_REST_Server->serve_request('/wp/v2/widget-t...')
#21 C:\xampp\htdocs\prolific_shop\wp-includes\class-wp-hook.php(324): rest_api_loaded(Object(WP))
#22 C:\xampp\htdocs\prolific_shop\wp-includes\class-wp-hook.php(348): WP_Hook->apply_filters(NULL, Array)
#23 C:\xampp\htdocs\prolific_shop\wp-includes\plugin.php(565): WP_Hook->do_action(Array)
#24 C:\xampp\htdocs\prolific_shop\wp-includes\class-wp.php(418): do_action_ref_array('parse_request', Array)
#25 C:\xampp\htdocs\prolific_shop\wp-includes\class-wp.php(813): WP->parse_request('')
#26 C:\xampp\htdocs\prolific_shop\wp-includes\functions.php(1336): WP->main('')
#27 C:\xampp\htdocs\prolific_shop\wp-blog-header.php(16): wp()
#28 C:\xampp\htdocs\prolific_shop\index.php(17): require('C:\\xampp\\htdocs...')
#29 {main}
  thrown in C:\xampp\htdocs\prolific_shop\wp-content\plugins\th-all-in-one-woo-cart\inc\taiowc.php on line 288

2024-01-30T06:14:25+00:00 CRITICAL Uncaught Error: Call to a member function is_empty() on null in C:\xampp\htdocs\prolific_shop\wp-content\plugins\th-all-in-one-woo-cart\inc\taiowc.php:288
Stack trace:
#0 C:\xampp\htdocs\prolific_shop\wp-includes\class-wp-hook.php(324): Taiowc->taiowc_mini_cart_content('')
#1 C:\xampp\htdocs\prolific_shop\wp-includes\class-wp-hook.php(348): WP_Hook->apply_filters('', Array)
#2 C:\xampp\htdocs\prolific_shop\wp-includes\plugin.php(517): WP_Hook->do_action(Array)
#3 C:\xampp\htdocs\prolific_shop\wp-content\plugins\th-all-in-one-woo-cart\inc\taiowc-markup.php(90): do_action('taiowc_mini_car...')
#4 C:\xampp\htdocs\prolific_shop\wp-content\plugins\th-all-in-one-woo-cart\inc\taiowc-cart.php(22): Taiowc_Markup->taiowc_cart_item_show()
#5 C:\xampp\htdocs\prolific_shop\wp-content\plugins\th-all-in-one-woo-cart\inc\taiowc.php(224): include('C:\\xampp\\htdocs...')
#6 C:\xampp\htdocs\prolific_shop\wp-content\plugins\th-all-in-one-woo-cart\inc\taiowc.php(212): Taiowc->getCart(Array)
#7 C:\xampp\htdocs\prolific_shop\wp-includes\shortcodes.php(433): Taiowc->addBody(Array, '', 'taiowc')
#8 [internal function]: do_shortcode_tag(Array)
#9 C:\xampp\htdocs\prolific_shop\wp-includes\shortcodes.php(273): preg_replace_callback('/\\[(\\[?)(taiowc...', 'do_shortcode_ta...', '[taiowc layout=...')
#10 C:\xampp\htdocs\prolific_shop\wp-content\plugins\th-all-in-one-woo-cart\inc\taiowc.php(263): do_shortcode('[taiowc layout=...')
#11 C:\xampp\htdocs\prolific_shop\wp-includes\class-wp-hook.php(324): Taiowc->addcartBody('')
#12 C:\xampp\htdocs\prolific_shop\wp-includes\class-wp-hook.php(348): WP_Hook->apply_filters(NULL, Array)
#13 C:\xampp\htdocs\prolific_shop\wp-includes\plugin.php(517): WP_Hook->do_action(Array)
#14 C:\xampp\htdocs\prolific_shop\wp-includes\general-template.php(3068): do_action('wp_footer')
#15 C:\xampp\htdocs\prolific_shop\wp-includes\rest-api\endpoints\class-wp-rest-widget-types-controller.php(655): wp_footer()
#16 C:\xampp\htdocs\prolific_shop\wp-includes\rest-api\endpoints\class-wp-rest-widget-types-controller.php(601): WP_REST_Widget_Types_Controller->render_legacy_widget_preview_iframe('custom_html', Array)
#17 C:\xampp\htdocs\prolific_shop\wp-includes\rest-api\class-wp-rest-server.php(1193): WP_REST_Widget_Types_Controller->render(Object(WP_REST_Request))
#18 C:\xampp\htdocs\prolific_shop\wp-includes\rest-api\class-wp-rest-server.php(1041): WP_REST_Server->respond_to_request(Object(WP_REST_Request), '/wp/v2/widget-t...', Array, NULL)
#19 C:\xampp\htdocs\prolific_shop\wp-includes\rest-api\class-wp-rest-server.php(431): WP_REST_Server->dispatch(Object(WP_REST_Request))
#20 C:\xampp\htdocs\prolific_shop\wp-includes\rest-api.php(424): WP_REST_Server->serve_request('/wp/v2/widget-t...')
#21 C:\xampp\htdocs\prolific_shop\wp-includes\class-wp-hook.php(324): rest_api_loaded(Object(WP))
#22 C:\xampp\htdocs\prolific_shop\wp-includes\class-wp-hook.php(348): WP_Hook->apply_filters(NULL, Array)
#23 C:\xampp\htdocs\prolific_shop\wp-includes\plugin.php(565): WP_Hook->do_action(Array)
#24 C:\xampp\htdocs\prolific_shop\wp-includes\class-wp.php(418): do_action_ref_array('parse_request', Array)
#25 C:\xampp\htdocs\prolific_shop\wp-includes\class-wp.php(813): WP->parse_request('')
#26 C:\xampp\htdocs\prolific_shop\wp-includes\functions.php(1336): WP->main('')
#27 C:\xampp\htdocs\prolific_shop\wp-blog-header.php(16): wp()
#28 C:\xampp\htdocs\prolific_shop\index.php(17): require('C:\\xampp\\htdocs...')
#29 {main}
  thrown in C:\xampp\htdocs\prolific_shop\wp-content\plugins\th-all-in-one-woo-cart\inc\taiowc.php on line 288

